Wed, 06 Dec 2023 09:07:55 GMT
Time: 11:07:55
                        Method: GET
                        Route: /api/vacations/
                        Body: {}
----------------------------------------------------------------------------------------------------
Wed, 06 Dec 2023 09:16:21 GMT
Time: 11:16:21
                        Method: GET
                        Route: /api/get-vacations/
                        Body: {}
----------------------------------------------------------------------------------------------------
Wed, 06 Dec 2023 09:16:53 GMT
Time: 11:16:53
                        Method: GET
                        Route: /api/get-vacations/
                        Body: {}
----------------------------------------------------------------------------------------------------
Wed, 06 Dec 2023 13:29:36 GMT
Time: 15:29:36
                        Method: GET
                        Route: /api/vacations/1
                        Body: {}
----------------------------------------------------------------------------------------------------
Wed, 06 Dec 2023 13:29:55 GMT
Time: 15:29:55
                        Method: GET
                        Route: /api/image/1
                        Body: {}
----------------------------------------------------------------------------------------------------
Wed, 06 Dec 2023 13:30:28 GMT
Time: 15:30:28
                        Method: GET
                        Route: /api/image/1
                        Body: {}
----------------------------------------------------------------------------------------------------
Wed, 06 Dec 2023 13:30:48 GMT
Time: 15:30:48
                        Method: GET
                        Route: /api/image/1
                        Body: {}
----------------------------------------------------------------------------------------------------
Wed, 06 Dec 2023 13:31:12 GMT
Time: 15:31:11
                        Method: GET
                        Route: /api/image/1
                        Body: {}
----------------------------------------------------------------------------------------------------
Wed, 06 Dec 2023 13:31:39 GMT
Time: 15:31:39
                        Method: GET
                        Route: /api/image/1
                        Body: {}
----------------------------------------------------------------------------------------------------
Wed, 06 Dec 2023 13:32:15 GMT
Time: 15:32:15
                        Method: GET
                        Route: /api/image/1
                        Body: {}
----------------------------------------------------------------------------------------------------
Wed, 06 Dec 2023 13:32:36 GMT
Time: 15:32:36
                        Method: GET
                        Route: /api/image/1
                        Body: {}
----------------------------------------------------------------------------------------------------
Wed, 06 Dec 2023 13:33:45 GMT
Time: 15:33:45
                        Method: GET
                        Route: /api/image/1
                        Body: {}
----------------------------------------------------------------------------------------------------
Wed, 06 Dec 2023 13:33:49 GMT
Time: 15:33:49
                        Method: GET
                        Route: /api/image/2
                        Body: {}
----------------------------------------------------------------------------------------------------
Wed, 06 Dec 2023 13:35:31 GMT
Time: 15:35:31
                        Method: GET
                        Route: /api/image/2
                        Body: {}
----------------------------------------------------------------------------------------------------
Wed, 06 Dec 2023 13:35:35 GMT
Time: 15:35:35
                        Method: GET
                        Route: /image/2
                        Body: {}
----------------------------------------------------------------------------------------------------
Wed, 06 Dec 2023 13:35:35 GMT
Time: 15:35:35
                        Method: GET
                        Route: /favicon.ico
                        Body: {}
----------------------------------------------------------------------------------------------------
Wed, 06 Dec 2023 13:36:04 GMT
Time: 15:36:04
                        Method: GET
                        Route: /image/2
                        Body: {}
----------------------------------------------------------------------------------------------------
Wed, 06 Dec 2023 13:36:34 GMT
Time: 15:36:34
                        Method: GET
                        Route: /api/image/2
                        Body: {}
----------------------------------------------------------------------------------------------------
Wed, 06 Dec 2023 13:36:36 GMT
Time: 15:36:36
                        Method: GET
                        Route: /image/975286bc-440e-462d-8ed7-fe92f42f15c1.jpg
                        Body: {}
----------------------------------------------------------------------------------------------------
Wed, 06 Dec 2023 13:37:17 GMT
Time: 15:37:17
                        Method: GET
                        Route: /image/975286bc-440e-462d-8ed7-fe92f42f15c1.jpg
                        Body: {}
----------------------------------------------------------------------------------------------------
Wed, 06 Dec 2023 13:37:25 GMT
Time: 15:37:25
                        Method: GET
                        Route: /image/975286bc-440e-462d-8ed7-fe92f42f15c1.jpg
                        Body: {}
----------------------------------------------------------------------------------------------------
Wed, 06 Dec 2023 13:37:26 GMT
Time: 15:37:26
                        Method: GET
                        Route: /image/975286bc-440e-462d-8ed7-fe92f42f15c1.jpg
                        Body: {}
----------------------------------------------------------------------------------------------------
Wed, 06 Dec 2023 13:38:49 GMT
Time: 15:38:49
                        Method: GET
                        Route: /api/image/2
                        Body: {}
----------------------------------------------------------------------------------------------------
Wed, 06 Dec 2023 13:38:52 GMT
Time: 15:38:52
                        Method: GET
                        Route: /api/image/975286bc-440e-462d-8ed7-fe92f42f15c1.jpg
                        Body: {}
----------------------------------------------------------------------------------------------------
Wed, 06 Dec 2023 13:40:19 GMT
Time: 15:40:18
                        Method: GET
                        Route: /api/vacations/2
                        Body: {}
----------------------------------------------------------------------------------------------------
Wed, 06 Dec 2023 13:40:35 GMT
Time: 15:40:35
                        Method: GET
                        Route: /api/vacations/975286bc-440e-462d-8ed7-fe92f42f15c1.jpg
                        Body: {}
----------------------------------------------------------------------------------------------------
Wed, 06 Dec 2023 13:40:52 GMT
Time: 15:40:52
                        Method: GET
                        Route: /api/vacations/
                        Body: {}
----------------------------------------------------------------------------------------------------
Wed, 06 Dec 2023 13:42:24 GMT
Time: 15:42:24
                        Method: GET
                        Route: /api/image/975286bc-440e-462d-8ed7-fe92f42f15c1.jpg
                        Body: {}
----------------------------------------------------------------------------------------------------
Wed, 06 Dec 2023 13:42:29 GMT
Time: 15:42:29
                        Method: GET
                        Route: /api/vacations/975286bc-440e-462d-8ed7-fe92f42f15c1.jpg
                        Body: {}
----------------------------------------------------------------------------------------------------
Wed, 06 Dec 2023 13:47:11 GMT
Time: 15:47:11
                        Method: DELETE
                        Route: /api/vacations/13
                        Body: {}
----------------------------------------------------------------------------------------------------
Wed, 06 Dec 2023 13:52:05 GMT
Time: 15:52:05
                        Method: DELETE
                        Route: /api/vacations/14
                        Body: {}
----------------------------------------------------------------------------------------------------
Thu, 07 Dec 2023 08:12:55 GMT
Time: 10:12:55
                        Method: PUT
                        Route: /api/vacations/15
                        Body: {}
----------------------------------------------------------------------------------------------------
Thu, 07 Dec 2023 08:13:22 GMT
Time: 10:13:22
                        Method: PUT
                        Route: /api/vacations/15
                        Body: {}
----------------------------------------------------------------------------------------------------
Thu, 07 Dec 2023 08:13:36 GMT
Time: 10:13:36
                        Method: PUT
                        Route: /api/vacations/15
                        Body: {}
----------------------------------------------------------------------------------------------------
Thu, 07 Dec 2023 08:14:11 GMT
Time: 10:14:11
                        Method: PUT
                        Route: /api/vacations/15
                        Body: {}
----------------------------------------------------------------------------------------------------
Thu, 07 Dec 2023 08:19:51 GMT
Time: 10:19:51
                        Method: PUT
                        Route: /api/vacations/15
                        Body: {}
----------------------------------------------------------------------------------------------------
Thu, 07 Dec 2023 08:20:00 GMT
Time: 10:20:00
                        Method: PUT
                        Route: /api/vacations/15
                        Body: {}
----------------------------------------------------------------------------------------------------
Thu, 07 Dec 2023 08:20:46 GMT
Time: 10:20:46
                        Method: PUT
                        Route: /api/vacations/15
                        Body: {}
----------------------------------------------------------------------------------------------------
Thu, 07 Dec 2023 08:20:55 GMT
Time: 10:20:55
                        Method: PUT
                        Route: /api/vacations/15
                        Body: {}
----------------------------------------------------------------------------------------------------
Thu, 07 Dec 2023 08:20:59 GMT
Time: 10:20:59
                        Method: PUT
                        Route: /api/vacations/15
                        Body: {}
----------------------------------------------------------------------------------------------------
Thu, 07 Dec 2023 08:21:16 GMT
Time: 10:21:16
                        Method: PUT
                        Route: /api/vacations/15
                        Body: {}
----------------------------------------------------------------------------------------------------
Thu, 07 Dec 2023 08:23:51 GMT
Time: 10:23:51
                        Method: PUT
                        Route: /api/vacations/15
                        Body: {}
----------------------------------------------------------------------------------------------------
Thu, 07 Dec 2023 08:23:54 GMT
Time: 10:23:54
                        Method: PUT
                        Route: /api/vacations/15
                        Body: {}
----------------------------------------------------------------------------------------------------
Thu, 07 Dec 2023 08:24:12 GMT
Time: 10:24:12
                        Method: PUT
                        Route: /api/vacations/15
                        Body: {}
----------------------------------------------------------------------------------------------------
Thu, 07 Dec 2023 08:26:32 GMT
Time: 10:26:32
                        Method: PUT
                        Route: /api/vacations/15
                        Body: {}
----------------------------------------------------------------------------------------------------
Thu, 07 Dec 2023 08:30:22 GMT
Time: 10:30:22
                        Method: PUT
                        Route: /api/vacations/15
                        Body: {}
----------------------------------------------------------------------------------------------------
Thu, 07 Dec 2023 08:30:27 GMT
Time: 10:30:27
                        Method: PUT
                        Route: /api/vacations/15
                        Body: {}
----------------------------------------------------------------------------------------------------
Thu, 07 Dec 2023 08:30:36 GMT
Time: 10:30:36
                        Method: PUT
                        Route: /api/vacations/15
                        Body: {}
----------------------------------------------------------------------------------------------------
Thu, 07 Dec 2023 08:31:48 GMT
Time: 10:31:48
                        Method: PUT
                        Route: /api/vacations/15
                        Body: {}
----------------------------------------------------------------------------------------------------
Thu, 07 Dec 2023 08:32:01 GMT
Time: 10:32:01
                        Method: PUT
                        Route: /api/vacations/15
                        Body: {}
----------------------------------------------------------------------------------------------------
Thu, 07 Dec 2023 08:32:37 GMT
Time: 10:32:37
                        Method: PUT
                        Route: /api/vacations/15
                        Body: {}
----------------------------------------------------------------------------------------------------
Thu, 07 Dec 2023 08:32:43 GMT
Time: 10:32:43
                        Method: PUT
                        Route: /api/vacations/15
                        Body: {}
----------------------------------------------------------------------------------------------------
Thu, 07 Dec 2023 08:33:20 GMT
Time: 10:33:20
                        Method: PUT
                        Route: /api/vacations/15
                        Body: {}
----------------------------------------------------------------------------------------------------
Thu, 07 Dec 2023 08:33:23 GMT
Time: 10:33:23
                        Method: PUT
                        Route: /api/vacations/15
                        Body: {}
----------------------------------------------------------------------------------------------------
Thu, 07 Dec 2023 08:34:06 GMT
Time: 10:34:06
                        Method: PUT
                        Route: /api/vacations/15
                        Body: {}
----------------------------------------------------------------------------------------------------
Thu, 07 Dec 2023 08:34:15 GMT
Time: 10:34:15
                        Method: PUT
                        Route: /api/vacations/15
                        Body: {}
----------------------------------------------------------------------------------------------------
Thu, 07 Dec 2023 08:34:55 GMT
Time: 10:34:55
                        Method: PUT
                        Route: /api/vacations/15
                        Body: {}
----------------------------------------------------------------------------------------------------
Thu, 07 Dec 2023 08:34:58 GMT
Time: 10:34:58
                        Method: PUT
                        Route: /api/vacations/15
                        Body: {}
----------------------------------------------------------------------------------------------------
Thu, 07 Dec 2023 08:35:00 GMT
Time: 10:35:00
                        Method: PUT
                        Route: /api/vacations/15
                        Body: {}
----------------------------------------------------------------------------------------------------
Thu, 07 Dec 2023 08:35:46 GMT
Time: 10:35:46
                        Method: PUT
                        Route: /api/vacations/15
                        Body: {}
----------------------------------------------------------------------------------------------------
Thu, 07 Dec 2023 08:35:57 GMT
Time: 10:35:57
                        Method: PUT
                        Route: /api/vacations/15
                        Body: {}
----------------------------------------------------------------------------------------------------
Thu, 07 Dec 2023 08:36:06 GMT
Time: 10:36:06
                        Method: PUT
                        Route: /api/vacations/15
                        Body: {}
----------------------------------------------------------------------------------------------------
Thu, 07 Dec 2023 08:37:17 GMT
Time: 10:37:17
                        Method: PUT
                        Route: /api/vacations/15
                        Body: {}
----------------------------------------------------------------------------------------------------
Thu, 07 Dec 2023 08:37:32 GMT
Time: 10:37:32
                        Method: PUT
                        Route: /api/vacations/15
                        Body: {}
----------------------------------------------------------------------------------------------------
Thu, 07 Dec 2023 08:38:00 GMT
Time: 10:38:00
                        Method: PUT
                        Route: /api/vacations/15
                        Body: {}
----------------------------------------------------------------------------------------------------
Thu, 07 Dec 2023 08:38:21 GMT
Time: 10:38:21
                        Method: PUT
                        Route: /api/vacations/15
                        Body: {}
----------------------------------------------------------------------------------------------------
Thu, 07 Dec 2023 08:38:25 GMT
Time: 10:38:25
                        Method: PUT
                        Route: /api/vacations/15
                        Body: {}
----------------------------------------------------------------------------------------------------
Thu, 07 Dec 2023 08:40:40 GMT
Time: 10:40:40
                        Method: PUT
                        Route: /api/vacations/15
                        Body: {}
----------------------------------------------------------------------------------------------------
Thu, 07 Dec 2023 08:40:42 GMT
Time: 10:40:42
                        Method: PUT
                        Route: /api/vacations/15
                        Body: {}
----------------------------------------------------------------------------------------------------
Thu, 07 Dec 2023 08:41:30 GMT
Time: 10:41:30
                        Method: PUT
                        Route: /api/vacations/15
                        Body: {}
----------------------------------------------------------------------------------------------------
Thu, 07 Dec 2023 08:41:48 GMT
Time: 10:41:48
                        Method: PUT
                        Route: /api/vacations/15
                        Body: {}
----------------------------------------------------------------------------------------------------
Thu, 07 Dec 2023 08:41:50 GMT
Time: 10:41:50
                        Method: PUT
                        Route: /api/vacations/15
                        Body: {}
----------------------------------------------------------------------------------------------------
Thu, 07 Dec 2023 08:42:07 GMT
Time: 10:42:07
                        Method: PUT
                        Route: /api/vacations/15
                        Body: {}
----------------------------------------------------------------------------------------------------
Thu, 07 Dec 2023 08:42:18 GMT
Time: 10:42:18
                        Method: PUT
                        Route: /api/vacations/15
                        Body: {}
----------------------------------------------------------------------------------------------------
Thu, 07 Dec 2023 08:43:41 GMT
Time: 10:43:41
                        Method: PUT
                        Route: /api/vacations/15
                        Body: {}
----------------------------------------------------------------------------------------------------
Thu, 07 Dec 2023 08:44:06 GMT
Time: 10:44:06
                        Method: PUT
                        Route: /api/vacations/15
                        Body: {}
----------------------------------------------------------------------------------------------------
Thu, 07 Dec 2023 08:44:23 GMT
Time: 10:44:23
                        Method: PUT
                        Route: /api/vacations/15
                        Body: {}
----------------------------------------------------------------------------------------------------
Thu, 07 Dec 2023 08:45:34 GMT
Time: 10:45:34
                        Method: PUT
                        Route: /api/vacations/15
                        Body: {}
----------------------------------------------------------------------------------------------------
Thu, 07 Dec 2023 08:45:38 GMT
Time: 10:45:38
                        Method: PUT
                        Route: /api/vacations/15
                        Body: {}
----------------------------------------------------------------------------------------------------
Thu, 07 Dec 2023 08:46:08 GMT
Time: 10:46:08
                        Method: PUT
                        Route: /api/vacations/15
                        Body: {}
----------------------------------------------------------------------------------------------------
Thu, 07 Dec 2023 08:51:58 GMT
Time: 10:51:58
                        Method: PUT
                        Route: /api/vacations/15
                        Body: {}
----------------------------------------------------------------------------------------------------
Thu, 07 Dec 2023 08:52:06 GMT
Time: 10:52:06
                        Method: GET
                        Route: /api/vacations/rtnrenttern
                        Body: {}
----------------------------------------------------------------------------------------------------
Thu, 07 Dec 2023 08:53:00 GMT
Time: 10:53:00
                        Method: PUT
                        Route: /api/vacations/15
                        Body: {}
----------------------------------------------------------------------------------------------------
Thu, 07 Dec 2023 08:57:12 GMT
Time: 10:57:12
                        Method: PUT
                        Route: /api/vacations/15
                        Body: {}
----------------------------------------------------------------------------------------------------
Thu, 07 Dec 2023 08:57:20 GMT
Time: 10:57:20
                        Method: PUT
                        Route: /api/vacations/15
                        Body: {}
----------------------------------------------------------------------------------------------------
Thu, 07 Dec 2023 08:57:47 GMT
Time: 10:57:47
                        Method: PUT
                        Route: /api/vacations/15
                        Body: {}
----------------------------------------------------------------------------------------------------
Thu, 07 Dec 2023 08:59:24 GMT
Time: 10:59:24
                        Method: GET
                        Route: /api/vacations/rtnrenttern
                        Body: {}
----------------------------------------------------------------------------------------------------
Thu, 07 Dec 2023 08:59:50 GMT
Time: 10:59:50
                        Method: PUT
                        Route: /api/vacations/15
                        Body: {}
----------------------------------------------------------------------------------------------------
Thu, 07 Dec 2023 08:59:56 GMT
Time: 10:59:56
                        Method: PUT
                        Route: /api/vacations/15
                        Body: {}
----------------------------------------------------------------------------------------------------
Thu, 07 Dec 2023 09:00:53 GMT
Time: 11:00:53
                        Method: PUT
                        Route: /api/vacations/15
                        Body: {}
----------------------------------------------------------------------------------------------------
Thu, 07 Dec 2023 09:01:47 GMT
Time: 11:01:47
                        Method: PUT
                        Route: /api/vacations/15
                        Body: {}
----------------------------------------------------------------------------------------------------
Thu, 07 Dec 2023 09:02:46 GMT
Time: 11:02:46
                        Method: PUT
                        Route: /api/vacations/15
                        Body: {}
----------------------------------------------------------------------------------------------------
Thu, 07 Dec 2023 09:03:31 GMT
Time: 11:03:31
                        Method: PUT
                        Route: /api/vacations/15
                        Body: {}
----------------------------------------------------------------------------------------------------
Thu, 07 Dec 2023 09:04:03 GMT
Time: 11:04:03
                        Method: PUT
                        Route: /api/vacations/15
                        Body: {}
----------------------------------------------------------------------------------------------------
Thu, 07 Dec 2023 09:04:45 GMT
Time: 11:04:45
                        Method: PUT
                        Route: /api/vacations/15
                        Body: {}
----------------------------------------------------------------------------------------------------
Thu, 07 Dec 2023 09:05:30 GMT
Time: 11:05:30
                        Method: PUT
                        Route: /api/vacations/15
                        Body: {}
----------------------------------------------------------------------------------------------------
Thu, 07 Dec 2023 09:06:22 GMT
Time: 11:06:22
                        Method: PUT
                        Route: /api/vacations/15
                        Body: {}
----------------------------------------------------------------------------------------------------
Thu, 07 Dec 2023 09:07:05 GMT
Time: 11:07:05
                        Method: PUT
                        Route: /api/vacations/15
                        Body: {}
----------------------------------------------------------------------------------------------------
Thu, 07 Dec 2023 09:07:40 GMT
Time: 11:07:40
                        Method: PUT
                        Route: /api/vacations/15
                        Body: {}
----------------------------------------------------------------------------------------------------
Thu, 07 Dec 2023 09:08:10 GMT
Time: 11:08:10
                        Method: GET
                        Route: /api/vacations/10d8ce83-7085-434d-a1f3-75df2aaef4a5.jpg
                        Body: {}
----------------------------------------------------------------------------------------------------
Thu, 07 Dec 2023 09:08:39 GMT
Time: 11:08:39
                        Method: DELETE
                        Route: /api/vacations/15
                        Body: {}
----------------------------------------------------------------------------------------------------
Thu, 07 Dec 2023 09:09:24 GMT
Time: 11:09:24
                        Method: PUT
                        Route: /api/vacations/15
                        Body: {}
----------------------------------------------------------------------------------------------------
Thu, 07 Dec 2023 09:49:21 GMT
Time: 11:49:21
                        Method: PUT
                        Route: /api/vacations/15
                        Body: {}
----------------------------------------------------------------------------------------------------
Thu, 07 Dec 2023 09:49:55 GMT
Time: 11:49:55
                        Method: PUT
                        Route: /api/vacations/15
                        Body: {}
----------------------------------------------------------------------------------------------------
